<?xml version="1.0" encoding="UTF-8"?>
<!-- Generated by org.testng.reporters.JUnitReportReporter -->
<testsuite skipped="0" hostname="DESKTOP-OS9HIGU" name="com.testcase.ArePDFFilesEqual" tests="1" failures="0" timestamp="17 Jul 2020 10:46:46 GMT" time="3.907" errors="0">
  <testcase name="PDFcomparecontent" time="3.907" classname="com.testcase.ArePDFFilesEqual"/>
</testsuite> <!-- com.testcase.ArePDFFilesEqual -->
