<?xml version="1.0" encoding="UTF-8"?>
<!-- Generated by org.testng.reporters.JUnitReportReporter -->
<testsuite skipped="0" hostname="DESKTOP-OS9HIGU" name="com.testcase.PDFcontentcomparison2" tests="1" failures="0" timestamp="08 Jun 2020 18:30:34 GMT" time="5.951" errors="0">
  <testcase name="PDFcomparecontent" time="5.951" classname="com.testcase.PDFcontentcomparison2"/>
</testsuite> <!-- com.testcase.PDFcontentcomparison2 -->
