<?xml version="1.0" encoding="UTF-8"?>
<!-- Generated by org.testng.reporters.JUnitReportReporter -->
<testsuite skipped="0" hostname="DESKTOP-OS9HIGU" name="com.testcase.PDFcontentcomparison" tests="1" failures="0" timestamp="17 Jul 2020 10:46:42 GMT" time="5.914" errors="0">
  <testcase name="PDFcomparetext" time="5.914" classname="com.testcase.PDFcontentcomparison"/>
</testsuite> <!-- com.testcase.PDFcontentcomparison -->
